This file contains any messages produced by compilers while
running configure, to aid debugging if configure makes a mistake.

It was created by RMINC configure 1.0, which was
generated by GNU Autoconf 2.68.  Invocation command line was

  $ ./configure --with-build-path=/axiom2/projects/software/arch/linux-3_2_0-36-generic-x86_64-eglibc-2_15/

## --------- ##
## Platform. ##
## --------- ##

hostname = geronimo
uname -m = x86_64
uname -r = 3.2.0-87-generic
uname -s = Linux
uname -v = #125-Ubuntu SMP Fri Jun 19 08:25:10 UTC 2015

/usr/bin/uname -p = unknown
/bin/uname -X     = unknown

/bin/arch              = unknown
/usr/bin/arch -k       = unknown
/usr/convex/getsysinfo = unknown
/usr/bin/hostinfo      = unknown
/bin/machine           = unknown
/usr/bin/oslevel       = unknown
/bin/universe          = unknown

PATH: /OGS/bin/linux-x64
PATH: /OGS/bin/linux-x64
PATH: /axiom2/projects/software/arch/linux-precise/bin/
PATH: /usr/local/sbin
PATH: /usr/local/bin
PATH: /usr/sbin
PATH: /usr/bin
PATH: /sbin
PATH: /bin
PATH: /usr/games


## ----------- ##
## Core tests. ##
## ----------- ##

configure:1836: checking for gcc
configure:1863: result: gcc -std=gnu99
configure:2092: checking for C compiler version
configure:2101: gcc -std=gnu99 --version >&5
gcc (Ubuntu/Linaro 4.6.3-1ubuntu5) 4.6.3
Copyright (C) 2011 Free Software Foundation, Inc.
This is free software; see the source for copying conditions.  There is NO
warranty; not even for MERCHANTABILITY or FITNESS FOR A PARTICULAR PURPOSE.

configure:2112: $? = 0
configure:2101: gcc -std=gnu99 -v >&5
Using built-in specs.
COLLECT_GCC=gcc
COLLECT_LTO_WRAPPER=/usr/lib/gcc/x86_64-linux-gnu/4.6/lto-wrapper
Target: x86_64-linux-gnu
Configured with: ../src/configure -v --with-pkgversion='Ubuntu/Linaro 4.6.3-1ubuntu5' --with-bugurl=file:///usr/share/doc/gcc-4.6/README.Bugs --enable-languages=c,c++,fortran,objc,obj-c++ --prefix=/usr --program-suffix=-4.6 --enable-shared --enable-linker-build-id --with-system-zlib --libexecdir=/usr/lib --without-included-gettext --enable-threads=posix --with-gxx-include-dir=/usr/include/c++/4.6 --libdir=/usr/lib --enable-nls --with-sysroot=/ --enable-clocale=gnu --enable-libstdcxx-debug --enable-libstdcxx-time=yes --enable-gnu-unique-object --enable-plugin --enable-objc-gc --disable-werror --with-arch-32=i686 --with-tune=generic --enable-checking=release --build=x86_64-linux-gnu --host=x86_64-linux-gnu --target=x86_64-linux-gnu
Thread model: posix
gcc version 4.6.3 (Ubuntu/Linaro 4.6.3-1ubuntu5) 
configure:2112: $? = 0
configure:2101: gcc -std=gnu99 -V >&5
gcc: error: unrecognized option '-V'
gcc: fatal error: no input files
compilation terminated.
configure:2112: $? = 4
configure:2101: gcc -std=gnu99 -qversion >&5
gcc: error: unrecognized option '-qversion'
gcc: fatal error: no input files
compilation terminated.
configure:2112: $? = 4
configure:2132: checking whether the C compiler works
configure:2154: gcc -std=gnu99 -g -O2  -I/axiom2/projects/software/arch/linux-3_2_0-36-generic-x86_64-eglibc-2_15//include  -L/axiom2/projects/software/arch/linux-3_2_0-36-generic-x86_64-eglibc-2_15//lib conftest.c  >&5
configure:2158: $? = 0
configure:2206: result: yes
configure:2209: checking for C compiler default output file name
configure:2211: result: a.out
configure:2217: checking for suffix of executables
configure:2224: gcc -std=gnu99 -o conftest -g -O2  -I/axiom2/projects/software/arch/linux-3_2_0-36-generic-x86_64-eglibc-2_15//include  -L/axiom2/projects/software/arch/linux-3_2_0-36-generic-x86_64-eglibc-2_15//lib conftest.c  >&5
configure:2228: $? = 0
configure:2250: result: 
configure:2272: checking whether we are cross compiling
configure:2280: gcc -std=gnu99 -o conftest -g -O2  -I/axiom2/projects/software/arch/linux-3_2_0-36-generic-x86_64-eglibc-2_15//include  -L/axiom2/projects/software/arch/linux-3_2_0-36-generic-x86_64-eglibc-2_15//lib conftest.c  >&5
configure:2284: $? = 0
configure:2291: ./conftest
configure:2295: $? = 0
configure:2310: result: no
configure:2315: checking for suffix of object files
configure:2337: gcc -std=gnu99 -c -g -O2  -I/axiom2/projects/software/arch/linux-3_2_0-36-generic-x86_64-eglibc-2_15//include conftest.c >&5
configure:2341: $? = 0
configure:2362: result: o
configure:2366: checking whether we are using the GNU C compiler
configure:2385: gcc -std=gnu99 -c -g -O2  -I/axiom2/projects/software/arch/linux-3_2_0-36-generic-x86_64-eglibc-2_15//include conftest.c >&5
configure:2385: $? = 0
configure:2394: result: yes
configure:2403: checking whether gcc -std=gnu99 accepts -g
configure:2423: gcc -std=gnu99 -c -g  -I/axiom2/projects/software/arch/linux-3_2_0-36-generic-x86_64-eglibc-2_15//include conftest.c >&5
configure:2423: $? = 0
configure:2464: result: yes
configure:2481: checking for gcc -std=gnu99 option to accept ISO C89
configure:2545: gcc -std=gnu99  -c -g -O2  -I/axiom2/projects/software/arch/linux-3_2_0-36-generic-x86_64-eglibc-2_15//include conftest.c >&5
configure:2545: $? = 0
configure:2558: result: none needed
configure:2588: checking for library m
configure:2602: gcc -std=gnu99 -o conftest -g -O2  -I/axiom2/projects/software/arch/linux-3_2_0-36-generic-x86_64-eglibc-2_15//include  -L/axiom2/projects/software/arch/linux-3_2_0-36-generic-x86_64-eglibc-2_15//lib conftest.c -lm  >&5
configure:2602: $? = 0
configure:2609: result: yes
configure:2616: checking for library netcdf
configure:2630: gcc -std=gnu99 -o conftest -g -O2  -I/axiom2/projects/software/arch/linux-3_2_0-36-generic-x86_64-eglibc-2_15//include  -L/axiom2/projects/software/arch/linux-3_2_0-36-generic-x86_64-eglibc-2_15//lib conftest.c -lnetcdf -lm  >&5
configure:2630: $? = 0
configure:2637: result: yes
configure:2645: checking for library z
configure:2659: gcc -std=gnu99 -o conftest -g -O2  -I/axiom2/projects/software/arch/linux-3_2_0-36-generic-x86_64-eglibc-2_15//include  -L/axiom2/projects/software/arch/linux-3_2_0-36-generic-x86_64-eglibc-2_15//lib conftest.c -lz -lnetcdf -lm  >&5
conftest.c: In function 'main':
conftest.c:13:9: warning: initialization makes integer from pointer without a cast [enabled by default]
configure:2659: $? = 0
configure:2666: result: yes
configure:2673: checking for library hdf5
configure:2687: gcc -std=gnu99 -o conftest -g -O2  -I/axiom2/projects/software/arch/linux-3_2_0-36-generic-x86_64-eglibc-2_15//include  -L/axiom2/projects/software/arch/linux-3_2_0-36-generic-x86_64-eglibc-2_15//lib conftest.c -lhdf5 -lz -lnetcdf -lm  >&5
configure:2687: $? = 0
configure:2694: result: yes
configure:2701: checking for library minc2
configure:2715: gcc -std=gnu99 -o conftest -g -O2  -I/axiom2/projects/software/arch/linux-3_2_0-36-generic-x86_64-eglibc-2_15//include  -L/axiom2/projects/software/arch/linux-3_2_0-36-generic-x86_64-eglibc-2_15//lib conftest.c -lminc2 -lhdf5 -lz -lnetcdf -lm  >&5
configure:2715: $? = 0
configure:2722: result: yes
configure:2917: creating ./config.status

## ---------------------- ##
## Running config.status. ##
## ---------------------- ##

This file was extended by RMINC config.status 1.0, which was
generated by GNU Autoconf 2.68.  Invocation command line was

  CONFIG_FILES    = 
  CONFIG_HEADERS  = 
  CONFIG_LINKS    = 
  CONFIG_COMMANDS = 
  $ ./config.status 

on geronimo

config.status:731: creating src/Makevars

## ---------------- ##
## Cache variables. ##
## ---------------- ##

ac_cv_c_compiler_gnu=yes
ac_cv_env_CC_set=
ac_cv_env_CC_value=
ac_cv_env_CFLAGS_set=
ac_cv_env_CFLAGS_value=
ac_cv_env_CPPFLAGS_set=
ac_cv_env_CPPFLAGS_value=
ac_cv_env_LDFLAGS_set=
ac_cv_env_LDFLAGS_value=
ac_cv_env_LIBS_set=
ac_cv_env_LIBS_value=
ac_cv_env_build_alias_set=
ac_cv_env_build_alias_value=
ac_cv_env_host_alias_set=
ac_cv_env_host_alias_value=
ac_cv_env_target_alias_set=
ac_cv_env_target_alias_value=
ac_cv_objext=o
ac_cv_prog_ac_ct_CC='gcc -std=gnu99'
ac_cv_prog_cc_c89=
ac_cv_prog_cc_g=yes

## ----------------- ##
## Output variables. ##
## ----------------- ##

CC='gcc -std=gnu99'
CFLAGS='-g -O2'
CPPFLAGS=' -I/axiom2/projects/software/arch/linux-3_2_0-36-generic-x86_64-eglibc-2_15//include'
DEFS='-DPACKAGE_NAME=\"RMINC\" -DPACKAGE_TARNAME=\"rminc\" -DPACKAGE_VERSION=\"1.0\" -DPACKAGE_STRING=\"RMINC\ 1.0\" -DPACKAGE_BUGREPORT=\"\" -DPACKAGE_URL=\"\" -DMINC2=1'
ECHO_C=''
ECHO_N='-n'
ECHO_T=''
EXEEXT=''
LDFLAGS=' -L/axiom2/projects/software/arch/linux-3_2_0-36-generic-x86_64-eglibc-2_15//lib'
LIBOBJS=''
LIBS='-lminc2 -lhdf5 -lz -lnetcdf -lm '
LTLIBOBJS=''
OBJEXT='o'
PACKAGE_BUGREPORT=''
PACKAGE_NAME='RMINC'
PACKAGE_STRING='RMINC 1.0'
PACKAGE_TARNAME='rminc'
PACKAGE_URL=''
PACKAGE_VERSION='1.0'
PATH_SEPARATOR=':'
SHELL='/bin/bash'
ac_ct_CC='gcc -std=gnu99'
bindir='${exec_prefix}/bin'
build_alias=''
datadir='${datarootdir}'
datarootdir='${prefix}/share'
docdir='${datarootdir}/doc/${PACKAGE_TARNAME}'
dvidir='${docdir}'
exec_prefix='${prefix}'
host_alias=''
htmldir='${docdir}'
includedir='${prefix}/include'
infodir='${datarootdir}/info'
libdir='${exec_prefix}/lib'
libexecdir='${exec_prefix}/libexec'
localedir='${datarootdir}/locale'
localstatedir='${prefix}/var'
mandir='${datarootdir}/man'
oldincludedir='/usr/include'
pdfdir='${docdir}'
prefix='/usr/local'
program_transform_name='s,x,x,'
psdir='${docdir}'
sbindir='${exec_prefix}/sbin'
sharedstatedir='${prefix}/com'
sysconfdir='${prefix}/etc'
target_alias=''

## ----------- ##
## confdefs.h. ##
## ----------- ##

/* confdefs.h */
#define PACKAGE_NAME "RMINC"
#define PACKAGE_TARNAME "rminc"
#define PACKAGE_VERSION "1.0"
#define PACKAGE_STRING "RMINC 1.0"
#define PACKAGE_BUGREPORT ""
#define PACKAGE_URL ""
#define MINC2 1

configure: exit 0
